<?xml version="1.0" encoding="UTF-8"?>
<testng-results ignored="0" total="0" passed="0" failed="0" skipped="0">
  <reporter-output>
  </reporter-output>
  <suite started-at="2021-07-10T16:53:00Z" name="com.cucumber.runner.RunTest" finished-at="2021-07-10T16:53:00Z" duration-ms="4">
    <groups>
    </groups>
    <test started-at="2021-07-10T16:53:00Z" name="Command line test" finished-at="2021-07-10T16:53:00Z" duration-ms="4">
    </test> <!-- Command line test -->
  </suite> <!-- com.cucumber.runner.RunTest -->
</testng-results>
